<?xml version="1.0" encoding="UTF-8"?>
<!-- Generated by org.testng.reporters.JUnitReportReporter -->
<testsuite hostname="Hema-PC" name="com.Prowareness.CompleteTestCase" tests="4" failures="0" timestamp="12 Feb 2015 18:22:08 GMT" time="13.221" errors="0">
  <testcase name="NavigateToTaskBoard" time="5.490" classname="com.Prowareness.CompleteTestCase"/>
  <testcase name="login" time="0.040" classname="com.Prowareness.CompleteTestCase"/>
  <testcase name="DragToDone" time="7.691" classname="com.Prowareness.CompleteTestCase"/>
  <testcase name="DragToInProcess" time="0.000" classname="com.Prowareness.CompleteTestCase"/>
</testsuite> <!-- com.Prowareness.CompleteTestCase -->
